
> vibe-generated-app@1.0.0 dev
> vite


  VITE v5.4.20  ready in 594 ms

  ➜  Local:   http://localhost:3000/
  ➜  Network: http://172.20.21.229:3000/
11:47:48 AM [vite] Pre-transform error: Transform failed with 1 error:
/home/workspace/src/components/Contact.jsx:29:45: ERROR: Expected ";" but found "as"
11:47:51 AM [vite] ✨ new dependencies optimized: lucide-react
11:47:51 AM [vite] ✨ optimized dependencies changed. reloading
11:47:51 AM [vite] Internal server error: Transform failed with 1 error:
/home/workspace/src/components/Contact.jsx:29:45: ERROR: Expected ";" but found "as"
  Plugin: vite:esbuild
  File: /home/workspace/src/components/Contact.jsx:29:45
  
  Expected ";" but found "as"
  27 |                onSubmit={(e) => {
  28 |                  e.preventDefault();
  29 |                  const form = e.currentTarget as HTMLFormElement;
     |                                               ^
  30 |                  const data = new FormData(form);
  31 |                  const name = data.get('name');
  
      at failureErrorWithLog (/home/workspace/node_modules/esbuild/lib/main.js:1472:15)
      at /home/workspace/node_modules/esbuild/lib/main.js:755:50
      at responseCallbacks.<computed> (/home/workspace/node_modules/esbuild/lib/main.js:622:9)
      at handleIncomingPacket (/home/workspace/node_modules/esbuild/lib/main.js:677:12)
      at Socket.readFromStdout (/home/workspace/node_modules/esbuild/lib/main.js:600:7)
      at Socket.emit (node:events:508:28)
      at addChunk (node:internal/streams/readable:559:12)
      at readableAddChunkPushByteMode (node:internal/streams/readable:510:3)
      at Readable.push (node:internal/streams/readable:390:5)
      at Pipe.onStreamRead (node:internal/stream_base_commons:189:23)
